<?xml version="1.0" encoding="UTF-8"?>
<!-- Generated by org.testng.reporters.JUnitReportReporter -->
<testsuite hostname="Pedros" failures="0" tests="1" name="test.AddCustomerTest" time="25.546" errors="0" timestamp="08 Jun 2024 14:03:22 GMT" skipped="0">
  <testcase classname="test.AddCustomerTest" name="userShouldBeAbleToCreateNewCustomer" time="25.546"/>
</testsuite> <!-- test.AddCustomerTest -->
