<?xml version="1.0" encoding="UTF-8"?>
<!-- Generated by org.testng.reporters.JUnitReportReporter -->
<testsuite hostname="Pedros" failures="0" tests="1" name="test.ListCustomersTest" time="22.032" errors="0" timestamp="08 Jun 2024 14:05:54 GMT" skipped="0">
  <testcase classname="test.ListCustomersTest" name="userShouldBeAbleToEditAndViewCustomer" time="22.032"/>
</testsuite> <!-- test.ListCustomersTest -->
